Using pre-set license

 COMMAND LINE ARGUMENTS:
/Applications/Unity/Hub/Editor/2021.1.5f1/Unity.app/Contents/MacOS/Unity
-adb2
-batchMode
-noUpm
-name
AssetImportWorker0
-projectPath
/Users/matt/Downloads/probuilder - 03
-logFile
Logs/AssetImportWorker0.log
-srvPort
58538
Successfully changed project path to: /Users/matt/Downloads/probuilder - 03
/Users/matt/Downloads/probuilder - 03
Using Asset Import Pipeline V2.
Refreshing native plugins compatible for Editor in 93.51 ms, found 1 plugins.
Preloading 0 native plugins for Editor in 0.00 ms.
Initialize engine version: 2021.1.5f1 (3737af19df53)
[Subsystems] Discovering subsystems at path /Applications/Unity/Hub/Editor/2021.1.5f1/Unity.app/Contents/Resources/UnitySubsystems
[Subsystems] Discovering subsystems at path /Users/matt/Downloads/probuilder - 03/Assets
GfxDevice: creating device client; threaded=0; jobified=0
2021-06-04 18:54:33.590 Unity[8885:443525] iMac preferred device: AMD Radeon Pro 560X (high power)
2021-06-04 18:54:33.590 Unity[8885:443525] Metal devices available: 2
2021-06-04 18:54:33.590 Unity[8885:443525] 0: AMD Radeon Pro 560X (high power)
2021-06-04 18:54:33.590 Unity[8885:443525] 1: Intel(R) UHD Graphics 630 (low power)
2021-06-04 18:54:33.592 Unity[8885:443525] Using device AMD Radeon Pro 560X (high power)
Initializing Metal device caps: AMD Radeon Pro 560X
Initialize mono
Mono path[0] = '/Applications/Unity/Hub/Editor/2021.1.5f1/Unity.app/Contents/Managed'
Mono path[1] = '/Applications/Unity/Hub/Editor/2021.1.5f1/Unity.app/Contents/MonoBleedingEdge/lib/mono/unityjit'
Mono config path = '/Applications/Unity/Hub/Editor/2021.1.5f1/Unity.app/Contents/MonoBleedingEdge/etc'
Using monoOptions --debugger-agent=transport=dt_socket,embedding=1,server=y,suspend=n,address=127.0.0.1:56885
Begin MonoManager ReloadAssembly
Registering precompiled unity dll's ...
Register platform support module: /Applications/Unity/Hub/Editor/2021.1.5f1/Unity.app/Contents/PlaybackEngines/MacStandaloneSupport/UnityEditor.OSXStandalone.Extensions.dll
Registered in 0.000335 seconds.
Native extension for OSXStandalone target not found
Refreshing native plugins compatible for Editor in 79.18 ms, found 1 plugins.
Preloading 0 native plugins for Editor in 0.00 ms.
Mono: successfully reloaded assembly
- Completed reload, in  1.395 seconds
Platform modules already initialized, skipping
Registering precompiled user dll's ...
Registered in 0.001186 seconds.
Begin MonoManager ReloadAssembly
Native extension for OSXStandalone target not found
Refreshing native plugins compatible for Editor in 0.48 ms, found 1 plugins.
Preloading 0 native plugins for Editor in 0.00 ms.
Mono: successfully reloaded assembly
- Completed reload, in  1.273 seconds
Platform modules already initialized, skipping
========================================================================
Worker process is ready to serve import requests
Launching external process: /Applications/Unity/Hub/Editor/2021.1.5f1/Unity.app/Contents/Tools/UnityShaderCompiler
Launched and connected shader compiler UnityShaderCompiler after 0.02 seconds
Refreshing native plugins compatible for Editor in 0.56 ms, found 1 plugins.
Preloading 0 native plugins for Editor in 0.00 ms.
Unloading 3070 Unused Serialized files (Serialized files now loaded: 0)
System memory in use before: 189.0 MB.
System memory in use after: 189.2 MB.

Unloading 90 unused Assets to reduce memory usage. Loaded Objects now: 3505.
Total: 3.382359 ms (FindLiveObjects: 0.267714 ms CreateObjectMapping: 0.177465 ms MarkObjects: 2.207448 ms  DeleteObjects: 0.728780 ms)

========================================================================
Received Import Request.
  path: Assets/Scenes
  artifactKey: Guid(d094a0fe2c45149f5a1fa3aed60d21a3) Importer(815301076,1909f56bfc062723c751e8b465ee728b)
Start importing Assets/Scenes using Guid(d094a0fe2c45149f5a1fa3aed60d21a3) Importer(815301076,1909f56bfc062723c751e8b465ee728b)  -> (artifact id: '58a6a2a619df9c020bf2bee30fe4883c') in 0.004617 seconds 
